Build started 5/7/2015 2:47:21 PM.
     1>Project "C:\Users\Miles Robson\Documents\Visual Studio 2013\Projects\PhoneBook\PhoneBook\PhoneBook.vcxproj" on node 2 (Build target(s)).
     1>ClCompile:
         C:\Program Files (x86)\Microsoft Visual Studio 12.0\VC\bin\CL.exe /c /ZI /nologo /W3 /WX- /sdl /Od /Oy- /D WIN32 /D _DEBUG /D _CONSOLE /D _LIB /D _UNICODE /D UNICODE /Gm /EHsc /RTC1 /MDd /GS /fp:precise /Zc:wchar_t /Zc:forScope /Fo"Debug\\" /Fd"Debug\vc120.pdb" /Gd /TP /analyze- /errorReport:prompt Company.cpp Contact.cpp main.cpp misc.cpp PhoneBook.cpp Transducer.cpp
         Transducer.cpp
         PhoneBook.cpp
     1>c:\users\miles robson\documents\visual studio 2013\projects\phonebook\phonebook\phonebook.cpp(164): warning C4018: '<' : signed/unsigned mismatch
     1>c:\users\miles robson\documents\visual studio 2013\projects\phonebook\phonebook\phonebook.cpp(345): warning C4018: '<' : signed/unsigned mismatch
         misc.cpp
         main.cpp
         Contact.cpp
         Company.cpp
         Generating Code...
     1>c:\users\miles robson\documents\visual studio 2013\projects\phonebook\phonebook\phonebook.cpp(195): warning C4715: 'PhoneBook::getContactByID' : not all control paths return a value
       Link:
         C:\Program Files (x86)\Microsoft Visual Studio 12.0\VC\bin\link.exe /ERRORREPORT:PROMPT /OUT:"C:\Users\Miles Robson\Documents\Visual Studio 2013\Projects\PhoneBook\Debug\PhoneBook.exe" /INCREMENTAL /NOLOGO kernel32.lib user32.lib gdi32.lib winspool.lib comdlg32.lib advapi32.lib shell32.lib ole32.lib oleaut32.lib uuid.lib odbc32.lib odbccp32.lib /MANIFEST /MANIFESTUAC:"level='asInvoker' uiAccess='false'" /manifest:embed /DEBUG /PDB:"C:\Users\Miles Robson\Documents\Visual Studio 2013\Projects\PhoneBook\Debug\PhoneBook.pdb" /SUBSYSTEM:CONSOLE /TLBID:1 /DYNAMICBASE /NXCOMPAT /IMPLIB:"C:\Users\Miles Robson\Documents\Visual Studio 2013\Projects\PhoneBook\Debug\PhoneBook.lib" /MACHINE:X86 Debug\Company.obj
         Debug\Contact.obj
         Debug\main.obj
         Debug\misc.obj
         Debug\PhoneBook.obj
         Debug\Transducer.obj
         PhoneBook.vcxproj -> C:\Users\Miles Robson\Documents\Visual Studio 2013\Projects\PhoneBook\Debug\PhoneBook.exe
     1>Done Building Project "C:\Users\Miles Robson\Documents\Visual Studio 2013\Projects\PhoneBook\PhoneBook\PhoneBook.vcxproj" (Build target(s)).

Build succeeded.

Time Elapsed 00:00:03.11
